This is pdfTeX, Version 3.14159265-2.6-1.40.19 (MiKTeX 2.9.6730 64-bit) (preloaded format=pdflatex 2018.8.1)  7 NOV 2018 14:35
entering extended mode
**./Final_Project_Latex_Template.tex
(Final_Project_Latex_Template.tex
LaTeX2e <2018-04-01> patch level 5
(BYUPhys.cls
Document Class: BYUPhys 
("C:\Program Files\MiKTeX 2.9\tex\latex\base\book.cls"
Document Class: book 2014/09/29 v1.4h Standard LaTeX document class
("C:\Program Files\MiKTeX 2.9\tex\latex\base\bk12.clo"
File: bk12.clo 2014/09/29 v1.4h Standard LaTeX file (size option)
)
\c@part=\count80
\c@chapter=\count81
\c@section=\count82
\c@subsection=\count83
\c@subsubsection=\count84
\c@paragraph=\count85
\c@subparagraph=\count86
\c@figure=\count87
\c@table=\count88
\abovecaptionskip=\skip41
\belowcaptionskip=\skip42
\bibindent=\dimen102
)
("C:\Program Files\MiKTeX 2.9\tex\latex\tools\afterpage.sty"
Package: afterpage 2014/10/28 v1.08 After-Page Package (DPC)
\AP@output=\toks14
\AP@partial=\box26
\AP@footins=\box27
))
("C:\Program Files\MiKTeX 2.9\tex\generic\oberdiek\ifpdf.sty"
Package: ifpdf 2017/03/15 v3.2 Provides the ifpdf switch
)
("C:\Program Files\MiKTeX 2.9\tex\latex\graphics\graphicx.sty"
Package: graphicx 2017/06/01 v1.1a Enhanced LaTeX Graphics (DPC,SPQR)

("C:\Program Files\MiKTeX 2.9\tex\latex\graphics\keyval.sty"
Package: keyval 2014/10/28 v1.15 key=value parser (DPC)
\KV@toks@=\toks15
)
("C:\Program Files\MiKTeX 2.9\tex\latex\graphics\graphics.sty"
Package: graphics 2017/06/25 v1.2c Standard LaTeX Graphics (DPC,SPQR)

("C:\Program Files\MiKTeX 2.9\tex\latex\graphics\trig.sty"
Package: trig 2016/01/03 v1.10 sin cos tan (DPC)
)
("C:\Program Files\MiKTeX 2.9\tex\latex\graphics-cfg\graphics.cfg"
File: graphics.cfg 2016/06/04 v1.11 sample graphics configuration
)
Package graphics Info: Driver file: pdftex.def on input line 99.

("C:\Program Files\MiKTeX 2.9\tex\latex\graphics-def\pdftex.def"
File: pdftex.def 2018/01/08 v1.0l Graphics/color driver for pdftex
))
\Gin@req@height=\dimen103
\Gin@req@width=\dimen104
)
(C:\Users\Admin\AppData\Roaming\MiKTeX\2.9\tex\latex\fancyhdr\fancyhdr.sty
Package: fancyhdr 2017/06/30 v3.9a Extensive control of page headers and footer
s
\f@nch@headwidth=\skip43
\f@nch@O@elh=\skip44
\f@nch@O@erh=\skip45
\f@nch@O@olh=\skip46
\f@nch@O@orh=\skip47
\f@nch@O@elf=\skip48
\f@nch@O@erf=\skip49
\f@nch@O@olf=\skip50
\f@nch@O@orf=\skip51
)
(C:\Users\Admin\AppData\Roaming\MiKTeX\2.9\tex\latex\cite\cite.sty
LaTeX Info: Redefining \cite on input line 302.
LaTeX Info: Redefining \nocite on input line 332.
Package: cite 2015/02/27  v 5.5
)
("C:\Program Files\MiKTeX 2.9\tex\latex\float\float.sty"
Package: float 2001/11/08 v1.3d Float enhancements (AL)
\c@float@type=\count89
\float@exts=\toks16
\float@box=\box28
\@float@everytoks=\toks17
\@floatcapt=\box29
)
(C:\Users\Admin\AppData\Roaming\MiKTeX\2.9\tex\latex\framed\framed.sty
Package: framed 2011/10/22 v 0.96: framed or shaded text with page breaks
\OuterFrameSep=\skip52
\fb@frw=\dimen105
\fb@frh=\dimen106
\FrameRule=\dimen107
\FrameSep=\dimen108
)
(C:\Users\Admin\AppData\Roaming\MiKTeX\2.9\tex\latex\xcolor\xcolor.sty
Package: xcolor 2016/05/11 v2.12 LaTeX color extensions (UK)

("C:\Program Files\MiKTeX 2.9\tex\latex\graphics-cfg\color.cfg"
File: color.cfg 2016/01/02 v1.6 sample color configuration
)
Package xcolor Info: Driver file: pdftex.def on input line 225.

(C:\Users\Admin\AppData\Roaming\MiKTeX\2.9\tex\latex\colortbl\colortbl.sty
Package: colortbl 2018/05/02 v1.0c Color table columns (DPC)

("C:\Program Files\MiKTeX 2.9\tex\latex\tools\array.sty"
Package: array 2018/04/30 v2.4h Tabular extension package (FMi)
\col@sep=\dimen109
\ar@mcellbox=\box30
\extrarowheight=\dimen110
\NC@list=\toks18
\extratabsurround=\skip53
\backup@length=\skip54
\ar@cellbox=\box31
)
\everycr=\toks19
\minrowclearance=\skip55
)
\rownum=\count90
Package xcolor Info: Model `cmy' substituted by `cmy0' on input line 1348.
Package xcolor Info: Model `hsb' substituted by `rgb' on input line 1352.
Package xcolor Info: Model `RGB' extended on input line 1364.
Package xcolor Info: Model `HTML' substituted by `rgb' on input line 1366.
Package xcolor Info: Model `Hsb' substituted by `hsb' on input line 1367.
Package xcolor Info: Model `tHsb' substituted by `hsb' on input line 1368.
Package xcolor Info: Model `HSB' substituted by `hsb' on input line 1369.
Package xcolor Info: Model `Gray' substituted by `gray' on input line 1370.
Package xcolor Info: Model `wave' substituted by `hsb' on input line 1371.
)
("C:\Program Files\MiKTeX 2.9\tex\latex\multirow\multirow.sty"
Package: multirow 2016/11/25 v2.2 Span multiple rows of a table
\multirow@colwidth=\skip56
\multirow@cntb=\count91
\multirow@dima=\skip57
\bigstrutjot=\dimen111
)
(C:\Users\Admin\AppData\Roaming\MiKTeX\2.9\tex\latex\url\url.sty
\Urlmuskip=\muskip10
Package: url 2013/09/16  ver 3.4  Verb mode for urls, etc.
)
("C:\Program Files\MiKTeX 2.9\tex\latex\amsmath\amsmath.sty"
Package: amsmath 2017/09/02 v2.17a AMS math features
\@mathmargin=\skip58

For additional information on amsmath, use the `?' option.
("C:\Program Files\MiKTeX 2.9\tex\latex\amsmath\amstext.sty"
Package: amstext 2000/06/29 v2.01 AMS text

("C:\Program Files\MiKTeX 2.9\tex\latex\amsmath\amsgen.sty"
File: amsgen.sty 1999/11/30 v2.0 generic functions
\@emptytoks=\toks20
\ex@=\dimen112
))
("C:\Program Files\MiKTeX 2.9\tex\latex\amsmath\amsbsy.sty"
Package: amsbsy 1999/11/29 v1.2d Bold Symbols
\pmbraise@=\dimen113
)
("C:\Program Files\MiKTeX 2.9\tex\latex\amsmath\amsopn.sty"
Package: amsopn 2016/03/08 v2.02 operator names
)
\inf@bad=\count92
LaTeX Info: Redefining \frac on input line 213.
\uproot@=\count93
\leftroot@=\count94
LaTeX Info: Redefining \overline on input line 375.
\classnum@=\count95
\DOTSCASE@=\count96
LaTeX Info: Redefining \ldots on input line 472.
LaTeX Info: Redefining \dots on input line 475.
LaTeX Info: Redefining \cdots on input line 596.
\Mathstrutbox@=\box32
\strutbox@=\box33
\big@size=\dimen114
LaTeX Font Info:    Redeclaring font encoding OML on input line 712.
LaTeX Font Info:    Redeclaring font encoding OMS on input line 713.
\macc@depth=\count97
\c@MaxMatrixCols=\count98
\dotsspace@=\muskip11
\c@parentequation=\count99
\dspbrk@lvl=\count100
\tag@help=\toks21
\row@=\count101
\column@=\count102
\maxfields@=\count103
\andhelp@=\toks22
\eqnshift@=\dimen115
\alignsep@=\dimen116
\tagshift@=\dimen117
\tagwidth@=\dimen118
\totwidth@=\dimen119
\lineht@=\dimen120
\@envbody=\toks23
\multlinegap=\skip59
\multlinetaggap=\skip60
\mathdisplay@stack=\toks24
LaTeX Info: Redefining \[ on input line 2817.
LaTeX Info: Redefining \] on input line 2818.
)
("C:\Program Files\MiKTeX 2.9\tex\latex\amsfonts\amssymb.sty"
Package: amssymb 2013/01/14 v3.01 AMS font symbols

("C:\Program Files\MiKTeX 2.9\tex\latex\amsfonts\amsfonts.sty"
Package: amsfonts 2013/01/14 v3.01 Basic AMSFonts support
\symAMSa=\mathgroup4
\symAMSb=\mathgroup5
LaTeX Font Info:    Overwriting math alphabet `\mathfrak' in version `bold'
(Font)                  U/euf/m/n --> U/euf/b/n on input line 106.
))
(C:\Users\Admin\AppData\Roaming\MiKTeX\2.9\tex\latex\subfigure\subfigure.sty
Package: subfigure 2002/07/30 v2.1.4 subfigure package
\subfigtopskip=\skip61
\subfigcapskip=\skip62
\subfigcaptopadj=\dimen121
\subfigbottomskip=\skip63
\subfigcapmargin=\dimen122
\subfiglabelskip=\skip64
\c@subfigure=\count104
\c@lofdepth=\count105
\c@subtable=\count106
\c@lotdepth=\count107

****************************************
* Local config file subfigure.cfg used *
****************************************
(C:\Users\Admin\AppData\Roaming\MiKTeX\2.9\tex\latex\subfigure\subfigure.cfg)
\subfig@top=\skip65
\subfig@bottom=\skip66
)
("C:\Program Files\MiKTeX 2.9\tex\latex\amsmath\amsxtra.sty"
Package: amsxtra 1999/11/15 v1.2c AMS extra commands
LaTeX Info: Redefining \nobreakspace on input line 54.
)
(C:\Users\Admin\AppData\Roaming\MiKTeX\2.9\tex\latex\caption\caption.sty
Package: caption 2018/05/01 v3.3-147 Customizing captions (AR)

(C:\Users\Admin\AppData\Roaming\MiKTeX\2.9\tex\latex\caption\caption3.sty
Package: caption3 2018/05/27 v1.8a caption3 kernel (AR)
Package caption3 Info: TeX engine: e-TeX on input line 64.
\captionmargin=\dimen123
\captionmargin@=\dimen124
\captionwidth=\dimen125
\caption@tempdima=\dimen126
\caption@indent=\dimen127
\caption@parindent=\dimen128
\caption@hangindent=\dimen129
)
\c@ContinuedFloat=\count108
Package caption Info: float package is loaded.
Package caption Info: subfigure package is loaded.
)
("C:\Program Files\MiKTeX 2.9\tex\latex\tools\verbatim.sty"
Package: verbatim 2014/10/28 v1.5q LaTeX2e package for verbatim enhancements
\every@verbatim=\toks25
\verbatim@line=\toks26
\verbatim@in@stream=\read1
)
("C:\Program Files\MiKTeX 2.9\tex\latex\tools\enumerate.sty"
Package: enumerate 2015/07/23 v3.00 enumerate extensions (DPC)
\@enLab=\toks27
)
(C:\Users\Admin\AppData\Roaming\MiKTeX\2.9\tex\latex\makecell\makecell.sty
Package: makecell 2009/08/03 V0.1e Managing of Tab Column Heads and Cells
\rotheadsize=\dimen130
\c@nlinenum=\count109
\TeXr@lab=\toks28
)
("C:\Program Files\MiKTeX 2.9\tex\latex\hyperref\hyperref.sty"
Package: hyperref 2018/02/06 v6.86b Hypertext links for LaTeX

("C:\Program Files\MiKTeX 2.9\tex\generic\oberdiek\hobsub-hyperref.sty"
Package: hobsub-hyperref 2016/05/16 v1.14 Bundle oberdiek, subset hyperref (HO)


("C:\Program Files\MiKTeX 2.9\tex\generic\oberdiek\hobsub-generic.sty"
Package: hobsub-generic 2016/05/16 v1.14 Bundle oberdiek, subset generic (HO)
Package: hobsub 2016/05/16 v1.14 Construct package bundles (HO)
Package: infwarerr 2016/05/16 v1.4 Providing info/warning/error messages (HO)
Package: ltxcmds 2016/05/16 v1.23 LaTeX kernel commands for general use (HO)
Package: ifluatex 2016/05/16 v1.4 Provides the ifluatex switch (HO)
Package ifluatex Info: LuaTeX not detected.
Package: ifvtex 2016/05/16 v1.6 Detect VTeX and its facilities (HO)
Package ifvtex Info: VTeX not detected.
Package: intcalc 2016/05/16 v1.2 Expandable calculations with integers (HO)
Package hobsub Info: Skipping package `ifpdf' (already loaded).
Package: etexcmds 2016/05/16 v1.6 Avoid name clashes with e-TeX commands (HO)
Package etexcmds Info: Could not find \expanded.
(etexcmds)             That can mean that you are not using pdfTeX 1.50 or
(etexcmds)             that some package has redefined \expanded.
(etexcmds)             In the latter case, load this package earlier.
Package: kvsetkeys 2016/05/16 v1.17 Key value parser (HO)
Package: kvdefinekeys 2016/05/16 v1.4 Define keys (HO)
Package: pdftexcmds 2018/01/30 v0.27 Utility functions of pdfTeX for LuaTeX (HO
)
Package pdftexcmds Info: LuaTeX not detected.
Package pdftexcmds Info: \pdf@primitive is available.
Package pdftexcmds Info: \pdf@ifprimitive is available.
Package pdftexcmds Info: \pdfdraftmode found.
Package: pdfescape 2016/05/16 v1.14 Implements pdfTeX's escape features (HO)
Package: bigintcalc 2016/05/16 v1.4 Expandable calculations on big integers (HO
)
Package: bitset 2016/05/16 v1.2 Handle bit-vector datatype (HO)
Package: uniquecounter 2016/05/16 v1.3 Provide unlimited unique counter (HO)
)
Package hobsub Info: Skipping package `hobsub' (already loaded).
Package: letltxmacro 2016/05/16 v1.5 Let assignment for LaTeX macros (HO)
Package: hopatch 2016/05/16 v1.3 Wrapper for package hooks (HO)
Package: xcolor-patch 2016/05/16 xcolor patch
Package: atveryend 2016/05/16 v1.9 Hooks at the very end of document (HO)
Package atveryend Info: \AP@enddocument detected (standard20110627).
Package: atbegshi 2016/06/09 v1.18 At begin shipout hook (HO)
Package: refcount 2016/05/16 v3.5 Data extraction from label references (HO)
Package: hycolor 2016/05/16 v1.8 Color options for hyperref/bookmark (HO)
)
("C:\Program Files\MiKTeX 2.9\tex\generic\ifxetex\ifxetex.sty"
Package: ifxetex 2010/09/12 v0.6 Provides ifxetex conditional
)
("C:\Program Files\MiKTeX 2.9\tex\latex\oberdiek\auxhook.sty"
Package: auxhook 2016/05/16 v1.4 Hooks for auxiliary files (HO)
)
("C:\Program Files\MiKTeX 2.9\tex\latex\oberdiek\kvoptions.sty"
Package: kvoptions 2016/05/16 v3.12 Key value format for package options (HO)
)
\@linkdim=\dimen131
\Hy@linkcounter=\count110
\Hy@pagecounter=\count111

("C:\Program Files\MiKTeX 2.9\tex\latex\hyperref\pd1enc.def"
File: pd1enc.def 2018/02/06 v6.86b Hyperref: PDFDocEncoding definition (HO)
Now handling font encoding PD1 ...
... no UTF-8 mapping file for font encoding PD1
)
\Hy@SavedSpaceFactor=\count112

("C:\Program Files\MiKTeX 2.9\tex\latex\00miktex\hyperref.cfg"
File: hyperref.cfg 2002/06/06 v1.2 hyperref configuration of TeXLive
)
Package hyperref Info: Option `bookmarksnumbered' set `true' on input line 4383
.
Package hyperref Info: Option `pdfpagelabels' set `true' on input line 4383.
Package hyperref Info: Option `plainpages' set `false' on input line 4383.
Package hyperref Info: Option `colorlinks' set `true' on input line 4383.
Package hyperref Info: Hyper figures OFF on input line 4509.
Package hyperref Info: Link nesting OFF on input line 4514.
Package hyperref Info: Hyper index ON on input line 4517.
Package hyperref Info: Plain pages OFF on input line 4524.
Package hyperref Info: Backreferencing OFF on input line 4529.
Package hyperref Info: Implicit mode ON; LaTeX internals redefined.
Package hyperref Info: Bookmarks ON on input line 4762.
\c@Hy@tempcnt=\count113
LaTeX Info: Redefining \url on input line 5115.
\XeTeXLinkMargin=\dimen132
\Fld@menulength=\count114
\Field@Width=\dimen133
\Fld@charsize=\dimen134
Package hyperref Info: Hyper figures OFF on input line 6369.
Package hyperref Info: Link nesting OFF on input line 6374.
Package hyperref Info: Hyper index ON on input line 6377.
Package hyperref Info: backreferencing OFF on input line 6384.
Package hyperref Info: Link coloring ON on input line 6387.
Package hyperref Info: Link coloring with OCG OFF on input line 6394.
Package hyperref Info: PDF/A mode OFF on input line 6399.
LaTeX Info: Redefining \ref on input line 6439.
LaTeX Info: Redefining \pageref on input line 6443.
\Hy@abspage=\count115
\c@Item=\count116
\c@Hfootnote=\count117
)
Package hyperref Info: Driver (autodetected): hpdftex.

("C:\Program Files\MiKTeX 2.9\tex\latex\hyperref\hpdftex.def"
File: hpdftex.def 2018/02/06 v6.86b Hyperref driver for pdfTeX
\Fld@listcount=\count118
\c@bookmark@seq@number=\count119

("C:\Program Files\MiKTeX 2.9\tex\latex\oberdiek\rerunfilecheck.sty"
Package: rerunfilecheck 2016/05/16 v1.8 Rerun checks for auxiliary files (HO)
Package uniquecounter Info: New unique counter `rerunfilecheck' on input line 2
82.
)
\Hy@SectionHShift=\skip67
)
(Final_Project_Latex_Template.aux)
\openout1 = `Final_Project_Latex_Template.aux'.

LaTeX Font Info:    Checking defaults for OML/cmm/m/it on input line 213.
LaTeX Font Info:    ... okay on input line 213.
LaTeX Font Info:    Checking defaults for T1/cmr/m/n on input line 213.
LaTeX Font Info:    ... okay on input line 213.
LaTeX Font Info:    Checking defaults for OT1/cmr/m/n on input line 213.
LaTeX Font Info:    ... okay on input line 213.
LaTeX Font Info:    Checking defaults for OMS/cmsy/m/n on input line 213.
LaTeX Font Info:    ... okay on input line 213.
LaTeX Font Info:    Checking defaults for OMX/cmex/m/n on input line 213.
LaTeX Font Info:    ... okay on input line 213.
LaTeX Font Info:    Checking defaults for U/cmr/m/n on input line 213.
LaTeX Font Info:    ... okay on input line 213.
LaTeX Font Info:    Checking defaults for PD1/pdf/m/n on input line 213.
LaTeX Font Info:    ... okay on input line 213.

(C:\Users\Admin\AppData\Roaming\MiKTeX\2.9\tex\context\base\supp-pdf.mkii
[Loading MPS to PDF converter (version 2006.09.02).]
\scratchcounter=\count120
\scratchdimen=\dimen135
\scratchbox=\box34
\nofMPsegments=\count121
\nofMParguments=\count122
\everyMPshowfont=\toks29
\MPscratchCnt=\count123
\MPscratchDim=\dimen136
\MPnumerator=\count124
\makeMPintoPDFobject=\count125
\everyMPtoPDFconversion=\toks30
) ("C:\Program Files\MiKTeX 2.9\tex\latex\oberdiek\epstopdf-base.sty"
Package: epstopdf-base 2016/05/15 v2.6 Base part for package epstopdf

("C:\Program Files\MiKTeX 2.9\tex\latex\oberdiek\grfext.sty"
Package: grfext 2016/05/16 v1.2 Manage graphics extensions (HO)
)
Package epstopdf-base Info: Redefining graphics rule for `.eps' on input line 4
38.
Package grfext Info: Graphics extension search list:
(grfext)             [.pdf,.png,.jpg,.mps,.jpeg,.jbig2,.jb2,.PDF,.PNG,.JPG,.JPE
G,.JBIG2,.JB2,.eps]
(grfext)             \AppendGraphicsExtensions on input line 456.
)
Package caption Info: Begin \AtBeginDocument code.
Package caption Info: hyperref package is loaded.
Package caption Info: End \AtBeginDocument code.
\AtBeginShipoutBox=\box35
Package hyperref Info: Link coloring ON on input line 213.

("C:\Program Files\MiKTeX 2.9\tex\latex\hyperref\nameref.sty"
Package: nameref 2016/05/21 v2.44 Cross-referencing by name of section

("C:\Program Files\MiKTeX 2.9\tex\generic\oberdiek\gettitlestring.sty"
Package: gettitlestring 2016/05/16 v1.5 Cleanup title references (HO)
)
\c@section@level=\count126
)
LaTeX Info: Redefining \ref on input line 213.
LaTeX Info: Redefining \pageref on input line 213.
LaTeX Info: Redefining \nameref on input line 213.

(Final_Project_Latex_Template.out) (Final_Project_Latex_Template.out)
\@outlinefile=\write3
\openout3 = `Final_Project_Latex_Template.out'.

<MQlogo_stacked.pdf, id=211, 219.12566pt x 208.59329pt>
File: MQlogo_stacked.pdf Graphic file (type pdf)
<use MQlogo_stacked.pdf>
Package pdftex.def Info: MQlogo_stacked.pdf  used on input line 221.
(pdftex.def)             Requested size: 113.87912pt x 108.405pt.
 [1


{C:/Users/Admin/AppData/Local/MiKTeX/2.9/pdftex/config/pdftex.map} <./MQlogo_st
acked.pdf>] [2


] [3] [4


] [5] [6


] [7] [8


] (Final_Project_Latex_Template.toc
LaTeX Font Info:    Try loading font information for U+msa on input line 7.

("C:\Program Files\MiKTeX 2.9\tex\latex\amsfonts\umsa.fd"
File: umsa.fd 2013/01/14 v3.01 AMS symbols A
)
LaTeX Font Info:    Try loading font information for U+msb on input line 7.

("C:\Program Files\MiKTeX 2.9\tex\latex\amsfonts\umsb.fd"
File: umsb.fd 2013/01/14 v3.01 AMS symbols B
) [9





])
\tf@toc=\write4
\openout4 = `Final_Project_Latex_Template.toc'.



Package Fancyhdr Warning: \headheight is too small (14.22636pt): 
 Make it at least 14.49998pt.
 We now make it that large for the rest of the document.
 This may cause the page layout to be inconsistent, however.

[10] (Final_Project_Latex_Template.lof)
\tf@lof=\write5
\openout5 = `Final_Project_Latex_Template.lof'.

 [11



] [12


]
(Final_Project_Latex_Template.lot)
\tf@lot=\write6
\openout6 = `Final_Project_Latex_Template.lot'.

 [13

] [14


]
Chapter 1.

Underfull \hbox (badness 10000) in paragraph at lines 252--253

 []


Underfull \hbox (badness 10000) in paragraph at lines 254--255

 []


Underfull \hbox (badness 10000) in paragraph at lines 262--263

 []

[1


]
Underfull \hbox (badness 10000) in paragraph at lines 266--267

 []

LaTeX Font Info:    Try loading font information for OMS+cmr on input line 278.

("C:\Program Files\MiKTeX 2.9\tex\latex\base\omscmr.fd"
File: omscmr.fd 2014/09/29 v2.5h Standard LaTeX font definitions
)
LaTeX Font Info:    Font shape `OMS/cmr/m/n' in size <12> not available
(Font)              Font shape `OMS/cmsy/m/n' tried instead on input line 278.
 [2] [3] [4

]
Chapter 2.
[5] [6]
Underfull \hbox (badness 10000) in paragraph at lines 338--339

 []

[7] [8]
<images/svm-example.png, id=535, 118.4425pt x 128.98187pt>
File: images/svm-example.png Graphic file (type png)
<use images/svm-example.png>
Package pdftex.def Info: images/svm-example.png  used on input line 378.
(pdftex.def)             Requested size: 182.91165pt x 199.16928pt.
<images/kernel-trick.png, id=540, 501.875pt x 234.37563pt>
File: images/kernel-trick.png Graphic file (type png)
<use images/kernel-trick.png>
Package pdftex.def Info: images/kernel-trick.png  used on input line 387.
(pdftex.def)             Requested size: 426.48088pt x 199.16928pt.
 [9 <./images/svm-example.png>]
Underfull \hbox (badness 10000) in paragraph at lines 396--397

 []


Underfull \hbox (badness 10000) in paragraph at lines 403--404

 []


Underfull \hbox (badness 10000) in paragraph at lines 405--406

 []

[10 <./images/kernel-trick.png>]
<images/RNN.jpg, id=562, 797.98125pt x 320.19624pt>
File: images/RNN.jpg Graphic file (type jpg)
<use images/RNN.jpg>
Package pdftex.def Info: images/RNN.jpg  used on input line 416.
(pdftex.def)             Requested size: 425.4607pt x 170.71652pt.

Underfull \hbox (badness 10000) in paragraph at lines 421--422

 []


Underfull \hbox (badness 10000) in paragraph at lines 428--429

 []

[11 <./images/RNN.jpg>]
Underfull \hbox (badness 10000) in paragraph at lines 449--450

 []

[12]
<images/transfer-learning.png, id=603, 262.48062pt x 214.8025pt>
File: images/transfer-learning.png Graphic file (type png)
<use images/transfer-learning.png>
Package pdftex.def Info: images/transfer-learning.png  used on input line 462.
(pdftex.def)             Requested size: 243.37952pt x 199.16928pt.
 [13 <./images/transfer-learning.png>] [14]
Chapter 3.

Underfull \hbox (badness 10000) in paragraph at lines 481--482

 []


Underfull \hbox (badness 10000) in paragraph at lines 483--484

 []


Underfull \hbox (badness 10000) in paragraph at lines 485--486

 []


Underfull \hbox (badness 10000) in paragraph at lines 495--496

 []

[15

]
Underfull \hbox (badness 10000) in paragraph at lines 500--501

 []


Underfull \hbox (badness 10000) in paragraph at lines 502--503

 []


Underfull \hbox (badness 10000) in paragraph at lines 504--505

 []


Underfull \hbox (badness 10000) in paragraph at lines 506--507

 []


Underfull \hbox (badness 10000) in paragraph at lines 508--509

 []


Underfull \hbox (badness 10000) in paragraph at lines 510--511

 []


Underfull \hbox (badness 10000) in paragraph at lines 512--513

 []


Underfull \hbox (badness 10000) in paragraph at lines 521--522

 []


Underfull \hbox (badness 10000) in paragraph at lines 528--529

 []


Underfull \hbox (badness 10000) in paragraph at lines 530--531

 []


Underfull \hbox (badness 10000) in paragraph at lines 533--534

 []

[16] [17]
<images/label-distribution.png, id=647, 511.31026pt x 391.16138pt>
File: images/label-distribution.png Graphic file (type png)
<use images/label-distribution.png>
Package pdftex.def Info: images/label-distribution.png  used on input line 541.

(pdftex.def)             Requested size: 260.34346pt x 199.16928pt.
<images/article-score-distribution.png, id=649, 510.40688pt x 391.16138pt>
File: images/article-score-distribution.png Graphic file (type png)
<use images/article-score-distribution.png>
Package pdftex.def Info: images/article-score-distribution.png  used on input l
ine 551.
(pdftex.def)             Requested size: 259.8835pt x 199.16928pt.

Overfull \hbox (1.25566pt too wide) in paragraph at lines 581--581
[]|\OT1/cmr/m/n/12 #| 
 []


Underfull \hbox (badness 2856) in paragraph at lines 581--581
[]|\OT1/cmr/m/n/12 Identifies the in-for-ma-tion
 []


Underfull \hbox (badness 5288) in paragraph at lines 581--581
[]|\OT1/cmr/m/n/12 Uses in-for-ma-tion sources
 []


Underfull \hbox (badness 6445) in paragraph at lines 581--581
[]|\OT1/cmr/m/n/12 Does not ex-ag-ger-ate or
 []


Underfull \hbox (badness 4341) in paragraph at lines 581--581
[]|\OT1/cmr/m/n/12 Uses clear, non-technical
 []


Underfull \hbox (badness 1845) in paragraph at lines 581--581
\OT1/cmr/m/n/12 - Is pro-fes-sion-ally writ-ten, with proper gram-mar,
 []


Underfull \hbox (badness 3701) in paragraph at lines 581--581
\OT1/cmr/m/n/12 - Dis-closes sources of fund-ing for the or-gan-i-sa-
 []

[18 <./images/label-distribution.png>]
Overfull \vbox (130.21706pt too high) has occurred while \output is active []


[19 <./images/article-score-distribution.png>]
<images/Preprocessing-example.png, id=661, 481.04718pt x 148.30406pt>
File: images/Preprocessing-example.png Graphic file (type png)
<use images/Preprocessing-example.png>
Package pdftex.def Info: images/Preprocessing-example.png  used on input line 5
98.
(pdftex.def)             Requested size: 455.24408pt x 140.35172pt.
 [20 <./images/Preprocessing-example.png>]
Underfull \hbox (badness 10000) in paragraph at lines 626--627

 []

[21]
<images/ml-models.png, id=691, 444.15938pt x 204.01219pt>
File: images/ml-models.png Graphic file (type png)
<use images/ml-models.png>
Package pdftex.def Info: images/ml-models.png  used on input line 648.
(pdftex.def)             Requested size: 371.68842pt x 170.71652pt.
<images/dl-models.png, id=694, 545.78906pt x 201.75375pt>
File: images/dl-models.png Graphic file (type png)
<use images/dl-models.png>
Package pdftex.def Info: images/dl-models.png  used on input line 660.
(pdftex.def)             Requested size: 431.0437pt x 159.3356pt.
 [22 <./images/ml-models.png>]
Underfull \hbox (badness 10000) in paragraph at lines 683--684

 []

[23 <./images/dl-models.png>] [24]
Chapter 4.

Underfull \hbox (badness 10000) in paragraph at lines 715--716

 []


Underfull \hbox (badness 10000) in paragraph at lines 717--718

 []


Overfull \hbox (2.81248pt too wide) in paragraph at lines 719--720
[]\OT1/cmr/m/n/12 Across all cri-te-ria, the SVM with TF-IDF (stop-words re-mov
ed) was the best-performing
 []


Underfull \hbox (badness 10000) in paragraph at lines 719--720

 []

[25

]
Underfull \hbox (badness 10000) in paragraph at lines 721--722

 []


Underfull \hbox (badness 10000) in paragraph at lines 777--777
\OT1/cmr/bx/n/12 (stopwords
 []


Underfull \hbox (badness 10000) in paragraph at lines 777--777
\OT1/cmr/bx/n/12 (stopwords
 []


Underfull \hbox (badness 10000) in paragraph at lines 782--783

 []


Underfull \hbox (badness 10000) in paragraph at lines 784--785

 []

[26]
Underfull \hbox (badness 10000) in paragraph at lines 852--853

 []


Underfull \hbox (badness 10000) in paragraph at lines 854--855

 []


Underfull \hbox (badness 10000) in paragraph at lines 856--857

 []


Underfull \hbox (badness 10000) in paragraph at lines 871--871
[]|\OT1/cmr/bx/n/12 Micro-
 []


Underfull \hbox (badness 10000) in paragraph at lines 871--871
\OT1/cmr/bx/n/12 averaged
 []


Underfull \hbox (badness 10000) in paragraph at lines 871--871
[]|\OT1/cmr/bx/n/12 Micro-
 []


Underfull \hbox (badness 10000) in paragraph at lines 871--871
\OT1/cmr/bx/n/12 averaged
 []


Underfull \hbox (badness 10000) in paragraph at lines 871--871
[]|\OT1/cmr/bx/n/12 Average Pre-dicted
 []


Underfull \hbox (badness 10000) in paragraph at lines 871--871
[]|\OT1/cmr/bx/n/12 Average Pre-dicted
 []


Underfull \hbox (badness 10000) in paragraph at lines 871--871
\OT1/cmr/m/n/12 (stopwords
 []

[27]
<images/single-model-performance.png, id=740, 384.43625pt x 331.2375pt>
File: images/single-model-performance.png Graphic file (type png)
<use images/single-model-performance.png>
Package pdftex.def Info: images/single-model-performance.png  used on input lin
e 880.
(pdftex.def)             Requested size: 231.15627pt x 199.16928pt.
 [28 <./images/single-model-performance.png>]
Underfull \hbox (badness 10000) in paragraph at lines 938--938
[]|\OT1/cmr/bx/n/12 Micro-
 []


Underfull \hbox (badness 10000) in paragraph at lines 938--938
\OT1/cmr/bx/n/12 averaged
 []


Underfull \hbox (badness 10000) in paragraph at lines 938--938
[]|\OT1/cmr/bx/n/12 Micro-
 []


Underfull \hbox (badness 10000) in paragraph at lines 938--938
\OT1/cmr/bx/n/12 averaged
 []


Underfull \hbox (badness 10000) in paragraph at lines 938--938
[]|\OT1/cmr/bx/n/12 Average Pre-dicted
 []


Underfull \hbox (badness 10000) in paragraph at lines 938--938
[]|\OT1/cmr/bx/n/12 Average Pre-dicted
 []

<images/ensemble-performance.png, id=748, 384.43625pt x 331.2375pt>
File: images/ensemble-performance.png Graphic file (type png)
<use images/ensemble-performance.png>
Package pdftex.def Info: images/ensemble-performance.png  used on input line 94
5.
(pdftex.def)             Requested size: 231.15627pt x 199.16928pt.

Underfull \hbox (badness 10000) in paragraph at lines 958--958
[]|\OT1/cmr/bx/n/12 Micro-averaged
 []


Underfull \hbox (badness 10000) in paragraph at lines 958--958
[]|\OT1/cmr/bx/n/12 Micro-averaged
 []


Underfull \hbox (badness 10000) in paragraph at lines 960--960
\OT1/cmr/m/n/12 (stopwords
 []

[29 <./images/ensemble-performance.png>]
<images/binary-roc-curve.png, id=755, 395.4775pt x 279.0425pt>
File: images/binary-roc-curve.png Graphic file (type png)
<use images/binary-roc-curve.png>
Package pdftex.def Info: images/binary-roc-curve.png  used on input line 972.
(pdftex.def)             Requested size: 241.95903pt x 170.71652pt.
 [30 <./images/binary-roc-curve.png>]
Underfull \hbox (badness 10000) in paragraph at lines 1068--1069

 []

[31]
Underfull \hbox (badness 10000) in paragraph at lines 1093--1093
[]|\OT1/cmr/m/n/12 SVM + BoW (all
 []

[32]
Chapter 5.

Underfull \hbox (badness 10000) in paragraph at lines 1157--1158

 []


Underfull \hbox (badness 10000) in paragraph at lines 1159--1160

 []


Underfull \hbox (badness 10000) in paragraph at lines 1161--1162

 []


Underfull \hbox (badness 10000) in paragraph at lines 1188--1189

 []

[33

]
Underfull \hbox (badness 10000) in paragraph at lines 1199--1200

 []


Underfull \hbox (badness 10000) in paragraph at lines 1201--1202

 []

[34]

LaTeX Warning: The counter will not be printed.
             The label is: - on input line 1219.


LaTeX Warning: The counter will not be printed.
             The label is: - on input line 1229.

[35] [36

]
Chapter 6.

LaTeX Warning: Reference `chap:ProposedWork' on page 37 undefined on input line
 1235.

[37] [38


]
Appendix A.
(Final_Project_Latex_Template.bbl [39

] [40

] [41]
Underfull \hbox (badness 10000) in paragraph at lines 117--123
\OT1/cmr/m/n/12 pdf ? \OMS/cmsy/m/n/12 f[] [] \OT1/cmr/m/n/12 tid = 46d1dda6-[]
f576-[]4f5e-[]ad53-[]d550f1cd9990\OMS/cmsy/m/n/12 f\OT1/cmr/m/n/12 & [] acdnat 
= 1534726962\OMS/cmsy/m/n/12 f[] []
 []

[42]
Underfull \hbox (badness 10000) in paragraph at lines 255--260
\OT1/cmr/m/n/12 5021-[]distributed-[]representations-[]of-[]words-[]and-[]phras
es-[]and-[]their-[]compositionality .
 []

[43]
Underfull \hbox (badness 1715) in paragraph at lines 313--319
\OT1/cmr/m/n/12 able: [][]$https : / / www . semanticscholar . org / paper / Co
mparison-[]of-[]Na\OMS/cmsy/m/n/12 fn\OT1/cmr/m/n/12 unhbox \OMS/cmsy/m/n/12 n
 []


Underfull \hbox (badness 10000) in paragraph at lines 313--319
\OT1/cmr/m/n/12 voidb @ x \OMS/cmsy/m/n/12 n \OT1/cmr/m/n/12 bgroup \OMS/cmsy/m
/n/12 n \OT1/cmr/m/n/12 let \OMS/cmsy/m/n/12 n \OT1/cmr/m/n/12 unhbox \OMS/cmsy
/m/n/12 n \OT1/cmr/m/n/12 voidb @ x \OMS/cmsy/m/n/12 n \OT1/cmr/m/n/12 setbox \
OMS/cmsy/m/n/12 n \OT1/cmr/m/n/12 @tempboxa \OMS/cmsy/m/n/12 n \OT1/cmr/m/n/12 
hbox\OMS/cmsy/m/n/12 fn\OT1/cmr/m/n/12 OT1 \OMS/cmsy/m/n/12 n \OT1/cmr/m/n/12 i
 \OMS/cmsy/m/n/12 n
 []


Underfull \hbox (badness 10000) in paragraph at lines 313--319
\OT1/cmr/m/n/12 global \OMS/cmsy/m/n/12 n \OT1/cmr/m/n/12 mathchardef \OMS/cmsy
/m/n/12 n \OT1/cmr/m/n/12 accent @ spacefactor \OMS/cmsy/m/n/12 n \OT1/cmr/m/n/
12 spacefactor [] \OMS/cmsy/m/n/12 n\OT1/cmr/m/n/12 accent127 \OMS/cmsy/m/n/12 
n \OT1/cmr/m/n/12 OT1 \OMS/cmsy/m/n/12 n \OT1/cmr/m/n/12 i \OMS/cmsy/m/n/12 n \
OT1/cmr/m/n/12 egroup \OMS/cmsy/m/n/12 n
 []


Underfull \hbox (badness 10000) in paragraph at lines 313--319
\OT1/cmr/m/n/12 spacefactor \OMS/cmsy/m/n/12 n \OT1/cmr/m/n/12 accent @ spacefa
ctor [] ve-[]Bayes-[]\OMS/cmsy/m/n/12 f\OT1/cmr/m/n/12 % [] 2C-[]Random-[]Fores
t-[]\OMS/cmsy/m/n/12 f\OT1/cmr/m/n/12 % [] 2C-[]Tree-[]\OMS/cmsy/m/n/12 f\OT1/c
mr/m/n/12 % []
 []


Underfull \hbox (badness 10000) in paragraph at lines 313--319
\OT1/cmr/m/n/12 2C-[]PRANCKEVI\OMS/cmsy/m/n/12 fn\OT1/cmr/m/n/12 unhbox \OMS/cm
sy/m/n/12 n \OT1/cmr/m/n/12 voidb @ x \OMS/cmsy/m/n/12 n \OT1/cmr/m/n/12 bgroup
 \OMS/cmsy/m/n/12 n \OT1/cmr/m/n/12 let \OMS/cmsy/m/n/12 n \OT1/cmr/m/n/12 unhb
ox \OMS/cmsy/m/n/12 n \OT1/cmr/m/n/12 voidb @ x \OMS/cmsy/m/n/12 n \OT1/cmr/m/n
/12 setbox \OMS/cmsy/m/n/12 n
 []


Underfull \hbox (badness 10000) in paragraph at lines 313--319
\OT1/cmr/m/n/12 @tempboxa \OMS/cmsy/m/n/12 n \OT1/cmr/m/n/12 hbox\OMS/cmsy/m/n/
12 f\OT1/cmr/m/n/12 C \OMS/cmsy/m/n/12 n \OT1/cmr/m/n/12 global \OMS/cmsy/m/n/1
2 n \OT1/cmr/m/n/12 mathchardef \OMS/cmsy/m/n/12 n \OT1/cmr/m/n/12 accent @ spa
cefactor \OMS/cmsy/m/n/12 n \OT1/cmr/m/n/12 spacefactor []
 []


Underfull \hbox (badness 10000) in paragraph at lines 313--319
\OMS/cmsy/m/n/12 n\OT1/cmr/m/n/12 accent20C \OMS/cmsy/m/n/12 n \OT1/cmr/m/n/12 
egroup \OMS/cmsy/m/n/12 n \OT1/cmr/m/n/12 spacefactor \OMS/cmsy/m/n/12 n \OT1/c
mr/m/n/12 accent @ spacefactor [] IUS-[]Marcinkevicius /
 []

[44] [45])
Package atveryend Info: Empty hook `BeforeClearDocument' on input line 1265.
 [46]
Package atveryend Info: Empty hook `AfterLastShipout' on input line 1265.
 (Final_Project_Latex_Template.aux)
Package atveryend Info: Executing hook `AtVeryEndDocument' on input line 1265.
Package atveryend Info: Executing hook `AtEndAfterFileList' on input line 1265.

Package rerunfilecheck Info: File `Final_Project_Latex_Template.out' has not ch
anged.
(rerunfilecheck)             Checksum: CCB7AC346B072C2619BDA90408D4A4FB;3679.


LaTeX Warning: There were undefined references.

Package atveryend Info: Empty hook `AtVeryVeryEnd' on input line 1265.
 ) 
Here is how much of TeX's memory you used:
 8837 strings out of 492973
 130605 string characters out of 3135933
 271758 words of memory out of 3000000
 12338 multiletter control sequences out of 15000+200000
 11408 words of font info for 42 fonts, out of 3000000 for 9000
 1141 hyphenation exceptions out of 8191
 41i,22n,43p,1737b,445s stack positions out of 5000i,500n,10000p,200000b,50000s
<C:/Program Files/MiKTeX 2.9/fonts/type1/public/amsfonts/cm/cmbx12.pfb><C:/Pr
ogram Files/MiKTeX 2.9/fonts/type1/public/amsfonts/cm/cmmi12.pfb><C:/Program Fi
les/MiKTeX 2.9/fonts/type1/public/amsfonts/cm/cmmi8.pfb><C:/Program Files/MiKTe
X 2.9/fonts/type1/public/amsfonts/cm/cmr12.pfb><C:/Program Files/MiKTeX 2.9/fon
ts/type1/public/amsfonts/cm/cmr8.pfb><C:/Program Files/MiKTeX 2.9/fonts/type1/p
ublic/amsfonts/cm/cmsl12.pfb><C:/Program Files/MiKTeX 2.9/fonts/type1/public/am
sfonts/cm/cmsy10.pfb><C:/Program Files/MiKTeX 2.9/fonts/type1/public/amsfonts/c
m/cmsy8.pfb><C:/Program Files/MiKTeX 2.9/fonts/type1/public/amsfonts/cm/cmti12.
pfb>
Output written on Final_Project_Latex_Template.pdf (60 pages, 859602 bytes).
PDF statistics:
 1021 PDF objects out of 1200 (max. 8388607)
 233 named destinations out of 1000 (max. 500000)
 482 words of extra memory for PDF output out of 10000 (max. 10000000)

