\BOOKMARK [0][-]{bm:Title.0}{Title Page}{}% 1
\BOOKMARK [0][-]{section*.1}{Acknowledgments}{}% 2
\BOOKMARK [0][-]{bm:State.0}{Statement}{}% 3
\BOOKMARK [0][-]{section*.2}{Abstract}{}% 4
\BOOKMARK [0][-]{section*.3}{Table of Contents}{}% 5
\BOOKMARK [0][-]{section*.5}{List of Figures}{}% 6
\BOOKMARK [0][-]{section*.7}{List of Tables}{}% 7
\BOOKMARK [0][-]{chapter.1}{1 Introduction}{}% 8
\BOOKMARK [1][-]{section.1.1}{1.1 Project Overview}{chapter.1}% 9
\BOOKMARK [1][-]{section.1.2}{1.2 Motivation}{chapter.1}% 10
\BOOKMARK [1][-]{section.1.3}{1.3 Aims}{chapter.1}% 11
\BOOKMARK [0][-]{chapter.2}{2 Background and Related Work}{}% 12
\BOOKMARK [1][-]{section.2.1}{2.1 Assessing the Quality and Credibility of Health Information}{chapter.2}% 13
\BOOKMARK [2][-]{subsection.2.1.1}{2.1.1 Checklists and Criteria}{section.2.1}% 14
\BOOKMARK [2][-]{subsection.2.1.2}{2.1.2 Studies Applying Checklists to Health Information Online}{section.2.1}% 15
\BOOKMARK [1][-]{section.2.2}{2.2 Document Classification Methods}{chapter.2}% 16
\BOOKMARK [2][-]{subsection.2.2.1}{2.2.1 Representing Text as Features}{section.2.2}% 17
\BOOKMARK [2][-]{subsection.2.2.2}{2.2.2 Machine Learning Methods for Document Classification}{section.2.2}% 18
\BOOKMARK [2][-]{subsection.2.2.3}{2.2.3 Deep Learning Methods for Document Classification}{section.2.2}% 19
\BOOKMARK [2][-]{subsection.2.2.4}{2.2.4 Classifying Documents with Limited Labelled Examples}{section.2.2}% 20
\BOOKMARK [1][-]{section.2.3}{2.3 Discussion}{chapter.2}% 21
\BOOKMARK [2][-]{subsection.2.3.1}{2.3.1 Scaling the Assessment of Quality and Credibility of Health Information}{section.2.3}% 22
\BOOKMARK [0][-]{chapter.3}{3 Methods}{}% 23
\BOOKMARK [1][-]{section.3.1}{3.1 Study Data}{chapter.3}% 24
\BOOKMARK [2][-]{subsection.3.1.1}{3.1.1 Credibility Criteria}{section.3.1}% 25
\BOOKMARK [2][-]{subsection.3.1.2}{3.1.2 Dataset}{section.3.1}% 26
\BOOKMARK [1][-]{section.3.2}{3.2 System Model}{chapter.3}% 27
\BOOKMARK [2][-]{subsection.3.2.1}{3.2.1 Baseline Models}{section.3.2}% 28
\BOOKMARK [2][-]{subsection.3.2.2}{3.2.2 Deep Learning Models}{section.3.2}% 29
\BOOKMARK [1][-]{section.3.3}{3.3 Outcome Measures}{chapter.3}% 30
\BOOKMARK [1][-]{section.3.4}{3.4 Experiments}{chapter.3}% 31
\BOOKMARK [0][-]{chapter.4}{4 Results}{}% 32
\BOOKMARK [1][-]{section.4.1}{4.1 Baseline Results}{chapter.4}% 33
\BOOKMARK [2][-]{subsection.4.1.1}{4.1.1 Classification Performance}{section.4.1}% 34
\BOOKMARK [2][-]{subsection.4.1.2}{4.1.2 Storage Requirements}{section.4.1}% 35
\BOOKMARK [2][-]{subsection.4.1.3}{4.1.3 Training time}{section.4.1}% 36
\BOOKMARK [2][-]{subsection.4.1.4}{4.1.4 Model speed}{section.4.1}% 37
\BOOKMARK [0][-]{chapter.5}{5 Discussion}{}% 38
\BOOKMARK [0][-]{chapter.6}{6 Conclusions and Future Work}{}% 39
\BOOKMARK [1][-]{section.6.1}{6.1 Conclusions}{chapter.6}% 40
\BOOKMARK [1][-]{section.6.2}{6.2 Future Work}{chapter.6}% 41
\BOOKMARK [0][-]{appendix.A}{A Exmaple}{}% 42
\BOOKMARK [1][-]{section.A.1}{A.1 Overview}{appendix.A}% 43
\BOOKMARK [0][-]{section*.31}{Bibliography}{}% 44
